have_library: checking for krb5_init_context() in -lkrb5... -------------------- yes

"gcc -o conftest -I/Users/dvyjones/.rvm/rubies/ruby-1.9.2-p0/include/ruby-1.9.1/x86_64-darwin10.4.0 -I/Users/dvyjones/.rvm/rubies/ruby-1.9.2-p0/include/ruby-1.9.1/ruby/backward -I/Users/dvyjones/.rvm/rubies/ruby-1.9.2-p0/include/ruby-1.9.1 -Iext -D_XOPEN_SOURCE -D_DARWIN_C_SOURCE    -O3 -ggdb -Wextra -Wno-unused-parameter -Wno-parentheses -Wpointer-arith -Wwrite-strings -Wno-missing-field-initializers -Wshorten-64-to-32 -Wno-long-long  -fno-common -pipe conftest.c  -L. -L/Users/dvyjones/.rvm/rubies/ruby-1.9.2-p0/lib -L.      -lruby.1.9.1-static  -lpthread -ldl -lobjc "
checked program was:
/* begin */
1: #include "ruby.h"
2: 
3: int main() {return 0;}
/* end */

"gcc -o conftest -I/Users/dvyjones/.rvm/rubies/ruby-1.9.2-p0/include/ruby-1.9.1/x86_64-darwin10.4.0 -I/Users/dvyjones/.rvm/rubies/ruby-1.9.2-p0/include/ruby-1.9.1/ruby/backward -I/Users/dvyjones/.rvm/rubies/ruby-1.9.2-p0/include/ruby-1.9.1 -Iext -D_XOPEN_SOURCE -D_DARWIN_C_SOURCE    -O3 -ggdb -Wextra -Wno-unused-parameter -Wno-parentheses -Wpointer-arith -Wwrite-strings -Wno-missing-field-initializers -Wshorten-64-to-32 -Wno-long-long  -fno-common -pipe conftest.c  -L. -L/Users/dvyjones/.rvm/rubies/ruby-1.9.2-p0/lib -L.      -lruby.1.9.1-static -lkrb5  -lpthread -ldl -lobjc "
conftest.c: In function ‘t’:
conftest.c:5: error: ‘krb5_init_context’ undeclared (first use in this function)
conftest.c:5: error: (Each undeclared identifier is reported only once
conftest.c:5: error: for each function it appears in.)
checked program was:
/* begin */
1: #include "ruby.h"
2: 
3: /*top*/
4: int main() {return 0;}
5: int t() { void ((*volatile p)()); p = (void ((*)()))krb5_init_context; return 0; }
/* end */

"gcc -o conftest -I/Users/dvyjones/.rvm/rubies/ruby-1.9.2-p0/include/ruby-1.9.1/x86_64-darwin10.4.0 -I/Users/dvyjones/.rvm/rubies/ruby-1.9.2-p0/include/ruby-1.9.1/ruby/backward -I/Users/dvyjones/.rvm/rubies/ruby-1.9.2-p0/include/ruby-1.9.1 -Iext -D_XOPEN_SOURCE -D_DARWIN_C_SOURCE    -O3 -ggdb -Wextra -Wno-unused-parameter -Wno-parentheses -Wpointer-arith -Wwrite-strings -Wno-missing-field-initializers -Wshorten-64-to-32 -Wno-long-long  -fno-common -pipe conftest.c  -L. -L/Users/dvyjones/.rvm/rubies/ruby-1.9.2-p0/lib -L.      -lruby.1.9.1-static -lkrb5  -lpthread -ldl -lobjc "
checked program was:
/* begin */
1: #include "ruby.h"
2: 
3: /*top*/
4: int main() {return 0;}
5: int t() { krb5_init_context(); return 0; }
/* end */

--------------------

